<?xml version="1.0" encoding="UTF-8" ?>
<testsuite tests="2" failures="0" name="org.wizio.portal.persistence.repository.MenuRepositoryTest" time="0.235" errors="0" skipped="0">
  <properties>
    <property name="java.runtime.name" value="Java(TM) SE Runtime Environment"/>
    <property name="sun.boot.library.path" value="C:\Developpement\JDK1.8_x64\jre\bin"/>
    <property name="java.vm.version" value="25.25-b02"/>
    <property name="java.vm.vendor" value="Oracle Corporation"/>
    <property name="maven.multiModuleProjectDirectory" value="C:\Local\ws\perso\wizio-parent"/>
    <property name="java.vendor.url" value="http://java.oracle.com/"/>
    <property name="path.separator" value=";"/>
    <property name="guice.disable.misplaced.annotation.check" value="true"/>
    <property name="java.vm.name" value="Java HotSpot(TM) 64-Bit Server VM"/>
    <property name="file.encoding.pkg" value="sun.io"/>
    <property name="user.script" value=""/>
    <property name="user.country" value="FR"/>
    <property name="sun.java.launcher" value="SUN_STANDARD"/>
    <property name="sun.os.patch.level" value="Service Pack 1"/>
    <property name="java.vm.specification.name" value="Java Virtual Machine Specification"/>
    <property name="user.dir" value="C:\Local\ws\perso\wizio-parent"/>
    <property name="java.runtime.version" value="1.8.0_25-b18"/>
    <property name="java.awt.graphicsenv" value="sun.awt.Win32GraphicsEnvironment"/>
    <property name="java.endorsed.dirs" value="C:\Developpement\JDK1.8_x64\jre\lib\endorsed"/>
    <property name="os.arch" value="amd64"/>
    <property name="java.io.tmpdir" value="C:\Temp\"/>
    <property name="line.separator" value="
"/>
    <property name="java.vm.specification.vendor" value="Oracle Corporation"/>
    <property name="user.variant" value=""/>
    <property name="os.name" value="Windows 7"/>
    <property name="classworlds.conf" value="C:\Local\ws\perso\.metadata\.plugins\org.eclipse.m2e.launching\launches\m2conf658624503033484359.tmp"/>
    <property name="sun.jnu.encoding" value="Cp1252"/>
    <property name="java.library.path" value="C:\Developpement\JDK1.8_x64\bin;C:\Windows\Sun\Java\bin;C:\Windows\system32;C:\Windows;C:/Developpement/JDK1.8_x64/bin/../jre/bin/server;C:/Developpement/JDK1.8_x64/bin/../jre/bin;C:/Developpement/JDK1.8_x64/bin/../jre/lib/amd64;C:\Developpement\JDK1.8_x64\bin;C:\Developpement\Maven3.2.5\bin;C:\Developpement\EclipseJee442_x64\;c:\oracle\ora11_2\bin;c:\program files\Evidian\shared_lib;c:\program files\Evidian\bin;C:\ProgramData\Oracle\Java\javapath;C:\Windows\system32;C:\Windows;C:\Windows\System32\Wbem;C:\Windows\System32\WindowsPowerShell\v1.0\;C:\Program Files (x86)\Enterprise Vault\EVClient\;C:\Program Files\Gemalto\Classic Client\BIN;C:\Program Files (x86)\Gemalto\Classic Client\BIN;C:\Program Files\Dell\Dell Data Protection\Encryption\;C:\Program Files\TortoiseSVN\bin;C:\Program Files (x86)\IDM Computer Solutions\UltraEdit\;C:\Program Files (x86)\LANDesk\Shared Files;C:\Program Files (x86)\LANDesk\Shared Files;C:\Program Files (x86)\landesk\shared files;C:\Program Files (x86)\LANDesk\LDClient;;C:\Developpement\Git\bin;C:\Developpement\Git\cmd;C:\Developpement\nodejs\;C:\Windows\SysWOW64\config\systemprofile\AppData\Roaming\npm;C:\Developpement\Nodejs\node_modules\npm;C:\Local\npm;C:\Local\npm-cache;C:\Developpement\Nodejs\node_modules\npm\bin;C:\Developpement\EclipseJee442_x64;;."/>
    <property name="java.specification.name" value="Java Platform API Specification"/>
    <property name="java.class.version" value="52.0"/>
    <property name="sun.management.compiler" value="HotSpot 64-Bit Tiered Compilers"/>
    <property name="os.version" value="6.1"/>
    <property name="user.home" value="C:\Users\airouche_m"/>
    <property name="user.timezone" value="Europe/Paris"/>
    <property name="java.awt.printerjob" value="sun.awt.windows.WPrinterJob"/>
    <property name="java.specification.version" value="1.8"/>
    <property name="file.encoding" value="Cp1252"/>
    <property name="user.name" value="airouche_m"/>
    <property name="java.class.path" value="/C:/Developpement/EclipseJee442_x64/plugins/org.eclipse.m2e.maven.runtime_1.7.0.20160603-1931/jars/plexus-classworlds-2.5.2.jar"/>
    <property name="java.vm.specification.version" value="1.8"/>
    <property name="sun.arch.data.model" value="64"/>
    <property name="java.home" value="C:\Developpement\JDK1.8_x64\jre"/>
    <property name="sun.java.command" value="org.codehaus.plexus.classworlds.launcher.Launcher -B -s C:\Developpement\Maven3.2.5\conf\settings.xml install"/>
    <property name="java.specification.vendor" value="Oracle Corporation"/>
    <property name="user.language" value="fr"/>
    <property name="awt.toolkit" value="sun.awt.windows.WToolkit"/>
    <property name="java.vm.info" value="mixed mode"/>
    <property name="java.version" value="1.8.0_25"/>
    <property name="java.ext.dirs" value="C:\Developpement\JDK1.8_x64\jre\lib\ext;C:\Windows\Sun\Java\lib\ext"/>
    <property name="sun.boot.class.path" value="C:\Developpement\JDK1.8_x64\jre\lib\resources.jar;C:\Developpement\JDK1.8_x64\jre\lib\rt.jar;C:\Developpement\JDK1.8_x64\jre\lib\sunrsasign.jar;C:\Developpement\JDK1.8_x64\jre\lib\jsse.jar;C:\Developpement\JDK1.8_x64\jre\lib\jce.jar;C:\Developpement\JDK1.8_x64\jre\lib\charsets.jar;C:\Developpement\JDK1.8_x64\jre\lib\jfr.jar;C:\Developpement\JDK1.8_x64\jre\classes"/>
    <property name="java.vendor" value="Oracle Corporation"/>
    <property name="maven.home" value="C:\Local\ws\perso\wizio-parent\EMBEDDED"/>
    <property name="file.separator" value="\"/>
    <property name="java.vendor.url.bug" value="http://bugreport.sun.com/bugreport/"/>
    <property name="sun.cpu.endian" value="little"/>
    <property name="sun.io.unicode.encoding" value="UnicodeLittle"/>
    <property name="sun.desktop" value="windows"/>
    <property name="sun.cpu.isalist" value="amd64"/>
  </properties>
  <testcase classname="org.wizio.portal.persistence.repository.MenuRepositoryTest" name="testFindAllMenus" time="0.234"/>
  <testcase classname="org.wizio.portal.persistence.repository.MenuRepositoryTest" name="testFindOneMenu" time="0.001"/>
</testsuite>